<?xml version="1.0" encoding="UTF-8"?>
<!-- Generated by org.testng.reporters.JUnitReportReporter -->
<testsuite hostname="DESKTOP-1J6Q2U8" failures="0" tests="1" name="Testcase55" time="0.008" errors="0" timestamp="2025-05-22T17:32:04 IST" skipped="0">
  <testcase classname="Testcase55" name="Weblogin" time="0.008"/>
</testsuite> <!-- Testcase55 -->
